\BOOKMARK [0][-]{chapter.1}{\376\377\000U\000s\000i\000n\000g\000\040\000C\000A\000S\000T\000\040\000O\000n\000l\000i\000n\000e\000\040\000\050\000s\000t\000i\000l\000l\000\040\000i\000n\000\040\000d\000e\000v\000e\000l\000o\000p\000m\000e\000n\000t\000\051}{}% 1
\BOOKMARK [1][-]{section.1.1}{\376\377\000U\000s\000e\000r\000\040\000L\000o\000g\000i\000n\000\040\000a\000n\000d\000\040\000A\000c\000c\000e\000s\000s}{chapter.1}% 2
\BOOKMARK [1][-]{section.1.2}{\376\377\000A\000\040\000q\000u\000i\000c\000k\000\040\000u\000s\000a\000g\000e\000\040\000e\000x\000a\000m\000p\000l\000e\000\040\000o\000f\000\040\000C\000A\000S\000T}{chapter.1}% 3
\BOOKMARK [0][-]{chapter.2}{\376\377\000I\000n\000s\000t\000a\000l\000l\000a\000t\000i\000o\000n\000\040\000o\000f\000\040\000b\000r\000o\000w\000s\000e\000r\000-\000b\000a\000s\000e\000d\000\040\000C\000A\000S\000T}{}% 4
\BOOKMARK [1][-]{section.2.1}{\376\377\000Q\000u\000i\000c\000k\000\040\000e\000x\000a\000m\000p\000l\000e\000\040\000o\000f\000\040\000o\000f\000f\000l\000i\000n\000e\000\040\000C\000A\000S\000T}{chapter.2}% 5
\BOOKMARK [1][-]{section.2.2}{\376\377\000U\000p\000d\000a\000t\000i\000n\000g\000\040\000C\000A\000S\000T}{chapter.2}% 6
\BOOKMARK [0][-]{chapter.3}{\376\377\000C\000A\000S\000T\000\040\000T\000o\000o\000l\000b\000o\000x\000\040\000-\000\040\000D\000a\000t\000a\000b\000a\000s\000e\000\040\000M\000o\000d\000e\000l\000s}{}% 7
\BOOKMARK [0][-]{chapter.4}{\376\377\000C\000A\000S\000T\000\040\000T\000o\000o\000l\000b\000o\000x\000\040\000-\000\040\000A\000n\000a\000l\000y\000t\000i\000c\000a\000l\000\040\000M\000o\000d\000e\000l\000s}{}% 8
\BOOKMARK [1][-]{section.4.1}{\376\377\000A\000n\000a\000l\000y\000t\000i\000c\000a\000l\000\040\000m\000o\000d\000e\000l\000s\000\040\000i\000n\000\040\000C\000A\000S\000T}{chapter.4}% 9
\BOOKMARK [1][-]{section.4.2}{\376\377\000C\000o\000m\000p\000u\000t\000i\000n\000g\000\040\000i\000n\000t\000e\000r\000f\000a\000c\000e\000s\000\040\000i\000n\000\040\000C\000A\000S\000T}{chapter.4}% 10
\BOOKMARK [0][-]{chapter.5}{\376\377\000C\000A\000S\000T\000\040\000T\000o\000o\000l\000b\000o\000x\000\040\000-\000\040\000E\000m\000p\000i\000r\000i\000c\000a\000l\000\040\000M\000o\000d\000e\000l\000s}{}% 11
\BOOKMARK [1][-]{section.5.1}{\376\377\000C\000A\000S\000T\000\040\000T\000o\000o\000l\000b\000o\000x\000\040\000-\000\040\000E\000m\000p\000i\000r\000i\000c\000a\000l\000\040\000M\000o\000d\000e\000l\000s\000\040\000-\000\040\000B\000i\000r\000l\000a\000\040\000e\000t\000\040\000a\000l\000.\000\040\000\050\0002\0000\0002\0000\000\051}{chapter.5}% 12
\BOOKMARK [1][-]{section.5.2}{\376\377\000C\000A\000S\000T\000\040\000T\000o\000o\000l\000b\000o\000x\000\040\000-\000\040\000E\000m\000p\000e\000r\000i\000c\000a\000l\000\040\000M\000o\000d\000e\000l\000s\000\040\000-\000\040\000M\000a\000i\000e\000r\000\040\000a\000n\000d\000\040\000G\000r\000a\000t\000h\000w\000o\000h\000l\000\040\000\050\0002\0000\0000\0005\000\051}{chapter.5}% 13
\BOOKMARK [0][-]{chapter.6}{\376\377\000C\000A\000S\000T\000\040\000T\000o\000o\000l\000b\000o\000x\000\040\000-\000\040\000N\000u\000m\000e\000r\000i\000c\000a\000l\000\040\000M\000o\000d\000e\000l\000s}{}% 14
\BOOKMARK [0][-]{chapter.7}{\376\377\000C\000A\000S\000T\000\040\000T\000o\000o\000l\000b\000o\000x\000\040\000-\000\040\000M\000o\000d\000e\000l\000\040\000S\000e\000l\000e\000c\000t\000i\000o\000n\000\040\000m\000e\000t\000h\000o\000d}{}% 15
\BOOKMARK [0][-]{chapter.8}{\376\377\000C\000A\000S\000T\000\040\000C\000o\000d\000e\000\040\000S\000t\000r\000u\000c\000t\000u\000r\000e}{}% 16
\BOOKMARK [0][-]{chapter.9}{\376\377\000C\000A\000S\000T\000\040\000C\000o\000d\000e\000\040\000L\000i\000b\000r\000a\000r\000i\000e\000s}{}% 17
\BOOKMARK [0][-]{chapter.10}{\376\377\000C\000A\000S\000T\000\040\000C\000o\000d\000e\000\040\000D\000e\000v\000e\000l\000o\000p\000m\000e\000n\000t}{}% 18
\BOOKMARK [0][-]{chapter.11}{\376\377\000C\000i\000t\000e\000\040\000C\000A\000S\000T}{}% 19
\BOOKMARK [0][-]{chapter.12}{\376\377\000C\000A\000S\000T\000\040\000V\000e\000r\000s\000i\000o\000n\000s}{}% 20
